c:\users\jeong\onedrive\gamedev\mydx11engine\engine\x64\debug\vc143.pdb
c:\users\jeong\onedrive\gamedev\mydx11engine\engine\x64\debug\vc143.idb
c:\users\jeong\onedrive\gamedev\mydx11engine\engine\x64\debug\systemclass.obj
c:\users\jeong\onedrive\gamedev\mydx11engine\engine\x64\debug\main.obj
c:\users\jeong\onedrive\gamedev\mydx11engine\engine\x64\debug\applicationclass.obj
c:\users\jeong\onedrive\gamedev\mydx11engine\engine\x64\debug\bitmapclass.obj
c:\users\jeong\onedrive\gamedev\mydx11engine\engine\x64\debug\tmp.res
c:\users\jeong\onedrive\gamedev\mydx11engine\engine\x64\debug\engine.ilk
c:\users\jeong\onedrive\gamedev\mydx11engine\engine\x64\debug\cameraclass.obj
c:\users\jeong\onedrive\gamedev\mydx11engine\engine\x64\debug\d3dclass.obj
c:\users\jeong\onedrive\gamedev\mydx11engine\engine\x64\debug\inputclass.obj
c:\users\jeong\onedrive\gamedev\mydx11engine\engine\x64\debug\modelclass.obj
c:\users\jeong\onedrive\gamedev\mydx11engine\engine\x64\debug\textureclass.obj
c:\users\jeong\onedrive\gamedev\mydx11engine\engine\x64\debug\textureshaderclass.obj
c:\users\jeong\onedrive\gamedev\mydx11engine\engine\x64\debug\tmp.ilk
c:\users\jeong\onedrive\gamedev\mydx11engine\x64\debug\engine.pdb
c:\users\jeong\onedrive\gamedev\mydx11engine\engine\x64\debug\engine.tlog\cl.command.1.tlog
c:\users\jeong\onedrive\gamedev\mydx11engine\engine\x64\debug\engine.tlog\cl.items.tlog
c:\users\jeong\onedrive\gamedev\mydx11engine\engine\x64\debug\engine.tlog\cl.read.1.tlog
c:\users\jeong\onedrive\gamedev\mydx11engine\engine\x64\debug\engine.tlog\cl.write.1.tlog
c:\users\jeong\onedrive\gamedev\mydx11engine\engine\x64\debug\engine.tlog\link-cvtres.read.1.tlog
c:\users\jeong\onedrive\gamedev\mydx11engine\engine\x64\debug\engine.tlog\link-cvtres.write.1.tlog
c:\users\jeong\onedrive\gamedev\mydx11engine\engine\x64\debug\engine.tlog\link-rc.read.1.tlog
c:\users\jeong\onedrive\gamedev\mydx11engine\engine\x64\debug\engine.tlog\link-rc.write.1.tlog
c:\users\jeong\onedrive\gamedev\mydx11engine\engine\x64\debug\engine.tlog\link.7280-cvtres.read.1.tlog
c:\users\jeong\onedrive\gamedev\mydx11engine\engine\x64\debug\engine.tlog\link.7280-cvtres.write.1.tlog
c:\users\jeong\onedrive\gamedev\mydx11engine\engine\x64\debug\engine.tlog\link.7280-rc.read.1.tlog
c:\users\jeong\onedrive\gamedev\mydx11engine\engine\x64\debug\engine.tlog\link.7280-rc.write.1.tlog
c:\users\jeong\onedrive\gamedev\mydx11engine\engine\x64\debug\engine.tlog\link.7280.read.1.tlog
c:\users\jeong\onedrive\gamedev\mydx11engine\engine\x64\debug\engine.tlog\link.7280.read.2.tlog
c:\users\jeong\onedrive\gamedev\mydx11engine\engine\x64\debug\engine.tlog\link.7280.read.3.tlog
c:\users\jeong\onedrive\gamedev\mydx11engine\engine\x64\debug\engine.tlog\link.7280.read.4.tlog
c:\users\jeong\onedrive\gamedev\mydx11engine\engine\x64\debug\engine.tlog\link.7280.write.1.tlog
c:\users\jeong\onedrive\gamedev\mydx11engine\engine\x64\debug\engine.tlog\link.command.1.tlog
c:\users\jeong\onedrive\gamedev\mydx11engine\engine\x64\debug\engine.tlog\link.read.1.tlog
c:\users\jeong\onedrive\gamedev\mydx11engine\engine\x64\debug\engine.tlog\link.read.2.tlog
c:\users\jeong\onedrive\gamedev\mydx11engine\engine\x64\debug\engine.tlog\link.read.3.tlog
c:\users\jeong\onedrive\gamedev\mydx11engine\engine\x64\debug\engine.tlog\link.read.4.tlog
c:\users\jeong\onedrive\gamedev\mydx11engine\engine\x64\debug\engine.tlog\link.secondary.1.tlog
c:\users\jeong\onedrive\gamedev\mydx11engine\engine\x64\debug\engine.tlog\link.write.1.tlog
c:\users\jeong\onedrive\gamedev\mydx11engine\engine\x64\debug\engine.tlog\rc.command.1.tlog
c:\users\jeong\onedrive\gamedev\mydx11engine\engine\x64\debug\engine.tlog\rc.read.1.tlog
c:\users\jeong\onedrive\gamedev\mydx11engine\engine\x64\debug\engine.tlog\rc.write.1.tlog
