c:\users\jeong\onedrive\gamedev\mydx11engine\my2d\x64\debug\vc143.pdb
c:\users\jeong\onedrive\gamedev\mydx11engine\my2d\x64\debug\vc143.idb
c:\users\jeong\onedrive\gamedev\mydx11engine\my2d\x64\debug\rendertextureclass.obj
c:\users\jeong\onedrive\gamedev\mydx11engine\my2d\x64\debug\normalmapshaderclass.obj
c:\users\jeong\onedrive\gamedev\mydx11engine\my2d\x64\debug\multitextureshaderclass.obj
c:\users\jeong\onedrive\gamedev\mydx11engine\my2d\x64\debug\modelclass.obj
c:\users\jeong\onedrive\gamedev\mydx11engine\my2d\x64\debug\main.obj
c:\users\jeong\onedrive\gamedev\mydx11engine\my2d\x64\debug\pointlightshaderclass.obj
c:\users\jeong\onedrive\gamedev\mydx11engine\my2d\x64\debug\pointlightclass.obj
c:\users\jeong\onedrive\gamedev\mydx11engine\my2d\x64\debug\movementclass.obj
c:\users\jeong\onedrive\gamedev\mydx11engine\my2d\x64\debug\modellistclass.obj
c:\users\jeong\onedrive\gamedev\mydx11engine\my2d\x64\debug\lightclass.obj
c:\users\jeong\onedrive\gamedev\mydx11engine\my2d\x64\debug\inputclass.obj
c:\users\jeong\onedrive\gamedev\mydx11engine\my2d\x64\debug\frustumclass.obj
c:\users\jeong\onedrive\gamedev\mydx11engine\my2d\x64\debug\fpsclass.obj
c:\users\jeong\onedrive\gamedev\mydx11engine\my2d\x64\debug\fontshaderclass.obj
c:\users\jeong\onedrive\gamedev\mydx11engine\my2d\x64\debug\fontclass.obj
c:\users\jeong\onedrive\gamedev\mydx11engine\my2d\x64\debug\planeclass.obj
c:\users\jeong\onedrive\gamedev\mydx11engine\my2d\x64\debug\fogshaderclass.obj
c:\users\jeong\onedrive\gamedev\mydx11engine\my2d\x64\debug\d3dclass.obj
c:\users\jeong\onedrive\gamedev\mydx11engine\my2d\x64\debug\cameraclass.obj
c:\users\jeong\onedrive\gamedev\mydx11engine\my2d\x64\debug\applicationclass.obj
c:\users\jeong\onedrive\gamedev\mydx11engine\my2d\x64\debug\timerclass.obj
c:\users\jeong\onedrive\gamedev\mydx11engine\my2d\x64\debug\textureshaderclass.obj
c:\users\jeong\onedrive\gamedev\mydx11engine\my2d\x64\debug\textureclass.obj
c:\users\jeong\onedrive\gamedev\mydx11engine\my2d\x64\debug\textclass.obj
c:\users\jeong\onedrive\gamedev\mydx11engine\my2d\x64\debug\systemclass.obj
c:\users\jeong\onedrive\gamedev\mydx11engine\my2d\x64\debug\spriteclass.obj
c:\users\jeong\onedrive\gamedev\mydx11engine\my2d\x64\debug\shadermanagerclass.obj
c:\users\jeong\onedrive\gamedev\mydx11engine\my2d\x64\debug\reflexshaderclass.obj
c:\users\jeong\onedrive\gamedev\mydx11engine\x64\debug\my2d.exe
c:\users\jeong\onedrive\gamedev\mydx11engine\x64\debug\my2d.pdb
c:\users\jeong\onedrive\gamedev\mydx11engine\my2d\x64\debug\mydx11engine.res
c:\users\jeong\onedrive\gamedev\mydx11engine\my2d\x64\debug\my2d.ilk
c:\users\jeong\onedrive\gamedev\mydx11engine\my2d\x64\debug\d3dclass.obj.enc
c:\users\jeong\onedrive\gamedev\mydx11engine\my2d\x64\debug\my2d.tlog\cl.command.1.tlog
c:\users\jeong\onedrive\gamedev\mydx11engine\my2d\x64\debug\my2d.tlog\cl.items.tlog
c:\users\jeong\onedrive\gamedev\mydx11engine\my2d\x64\debug\my2d.tlog\cl.read.1.tlog
c:\users\jeong\onedrive\gamedev\mydx11engine\my2d\x64\debug\my2d.tlog\cl.write.1.tlog
c:\users\jeong\onedrive\gamedev\mydx11engine\my2d\x64\debug\my2d.tlog\link.command.1.tlog
c:\users\jeong\onedrive\gamedev\mydx11engine\my2d\x64\debug\my2d.tlog\link.read.1.tlog
c:\users\jeong\onedrive\gamedev\mydx11engine\my2d\x64\debug\my2d.tlog\link.secondary.1.tlog
c:\users\jeong\onedrive\gamedev\mydx11engine\my2d\x64\debug\my2d.tlog\link.write.1.tlog
c:\users\jeong\onedrive\gamedev\mydx11engine\my2d\x64\debug\my2d.tlog\rc.command.1.tlog
c:\users\jeong\onedrive\gamedev\mydx11engine\my2d\x64\debug\my2d.tlog\rc.read.1.tlog
c:\users\jeong\onedrive\gamedev\mydx11engine\my2d\x64\debug\my2d.tlog\rc.write.1.tlog
