c:\users\jeong\onedrive\gamedev\mydx11engine\mydx11engine\x64\debug\vc143.pdb
c:\users\jeong\onedrive\gamedev\mydx11engine\mydx11engine\x64\debug\vc143.idb
c:\users\jeong\onedrive\gamedev\mydx11engine\mydx11engine\x64\debug\textureclass.obj
c:\users\jeong\onedrive\gamedev\mydx11engine\mydx11engine\x64\debug\systemclass.obj
c:\users\jeong\onedrive\gamedev\mydx11engine\mydx11engine\x64\debug\modelclass.obj
c:\users\jeong\onedrive\gamedev\mydx11engine\mydx11engine\x64\debug\main.obj
c:\users\jeong\onedrive\gamedev\mydx11engine\mydx11engine\x64\debug\lightshaderclass.obj
c:\users\jeong\onedrive\gamedev\mydx11engine\mydx11engine\x64\debug\lightclass.obj
c:\users\jeong\onedrive\gamedev\mydx11engine\mydx11engine\x64\debug\inputclass.obj
c:\users\jeong\onedrive\gamedev\mydx11engine\mydx11engine\x64\debug\d3dclass.obj
c:\users\jeong\onedrive\gamedev\mydx11engine\mydx11engine\x64\debug\cameraclass.obj
c:\users\jeong\onedrive\gamedev\mydx11engine\mydx11engine\x64\debug\applicationclass.obj
c:\users\jeong\onedrive\gamedev\mydx11engine\mydx11engine\x64\debug\mydx11engine.res
c:\users\jeong\onedrive\gamedev\mydx11engine\mydx11engine\x64\debug\mydx11engine.ilk
c:\users\jeong\onedrive\gamedev\mydx11engine\x64\debug\mydx11engine.pdb
c:\users\jeong\onedrive\gamedev\mydx11engine\mydx11engine\x64\debug\mydx11engine.tlog\cl.command.1.tlog
c:\users\jeong\onedrive\gamedev\mydx11engine\mydx11engine\x64\debug\mydx11engine.tlog\cl.items.tlog
c:\users\jeong\onedrive\gamedev\mydx11engine\mydx11engine\x64\debug\mydx11engine.tlog\cl.read.1.tlog
c:\users\jeong\onedrive\gamedev\mydx11engine\mydx11engine\x64\debug\mydx11engine.tlog\cl.write.1.tlog
c:\users\jeong\onedrive\gamedev\mydx11engine\mydx11engine\x64\debug\mydx11engine.tlog\link.command.1.tlog
c:\users\jeong\onedrive\gamedev\mydx11engine\mydx11engine\x64\debug\mydx11engine.tlog\link.read.1.tlog
c:\users\jeong\onedrive\gamedev\mydx11engine\mydx11engine\x64\debug\mydx11engine.tlog\link.secondary.1.tlog
c:\users\jeong\onedrive\gamedev\mydx11engine\mydx11engine\x64\debug\mydx11engine.tlog\link.write.1.tlog
c:\users\jeong\onedrive\gamedev\mydx11engine\mydx11engine\x64\debug\mydx11engine.tlog\rc.command.1.tlog
c:\users\jeong\onedrive\gamedev\mydx11engine\mydx11engine\x64\debug\mydx11engine.tlog\rc.read.1.tlog
c:\users\jeong\onedrive\gamedev\mydx11engine\mydx11engine\x64\debug\mydx11engine.tlog\rc.write.1.tlog
